<?xml version="1.0" encoding="UTF-8"?>
<testng-results ignored="0" total="1" passed="1" failed="0" skipped="0">
  <reporter-output>
  </reporter-output>
  <suite started-at="2024-06-01T15:38:51 IST" name="Default suite" finished-at="2024-06-01T15:39:51 IST" duration-ms="59666">
    <groups>
    </groups>
    <test started-at="2024-06-01T15:38:51 IST" name="Default test" finished-at="2024-06-01T15:39:51 IST" duration-ms="59666">
      <class name="Testcases.MissPuchTC">
        <test-method is-config="true" signature="report()[pri:0, instance:Testcases.MissPuchTC@523424b5]" started-at="2024-06-01T15:38:51 IST" name="report" finished-at="2024-06-01T15:38:51 IST" duration-ms="560" status="PASS">
          <reporter-output>
          </reporter-output>
        </test-method> <!-- report -->
        <test-method is-config="true" signature="main()[pri:0, instance:Testcases.MissPuchTC@523424b5]" started-at="2024-06-01T15:38:51 IST" name="main" finished-at="2024-06-01T15:38:58 IST" duration-ms="6257" status="PASS">
          <reporter-output>
          </reporter-output>
        </test-method> <!-- main -->
        <test-method signature="eventlist()[pri:1, instance:Testcases.MissPuchTC@523424b5]" started-at="2024-06-01T15:38:58 IST" name="eventlist" finished-at="2024-06-01T15:39:51 IST" duration-ms="53212" status="PASS">
          <reporter-output>
          </reporter-output>
        </test-method> <!-- eventlist -->
        <test-method is-config="true" signature="close()[pri:0, instance:Testcases.MissPuchTC@523424b5]" started-at="2024-06-01T15:39:51 IST" name="close" finished-at="2024-06-01T15:39:51 IST" duration-ms="126" status="PASS">
          <reporter-output>
          </reporter-output>
        </test-method> <!-- close -->
        <test-method is-config="true" signature="reportflush()[pri:0, instance:Testcases.MissPuchTC@523424b5]" started-at="2024-06-01T15:39:51 IST" name="reportflush" finished-at="2024-06-01T15:39:52 IST" duration-ms="761" status="PASS">
          <reporter-output>
          </reporter-output>
        </test-method> <!-- reportflush -->
      </class> <!-- Testcases.MissPuchTC -->
    </test> <!-- Default test -->
  </suite> <!-- Default suite -->
</testng-results>
