<?xml version="1.0" encoding="UTF-8"?>
<testng-results ignored="0" total="1" passed="1" failed="0" skipped="0">
  <reporter-output>
  </reporter-output>
  <suite started-at="2024-06-19T12:53:32 IST" name="Default suite" finished-at="2024-06-19T12:54:13 IST" duration-ms="40948">
    <groups>
    </groups>
    <test started-at="2024-06-19T12:53:32 IST" name="Default test" finished-at="2024-06-19T12:54:13 IST" duration-ms="40948">
      <class name="Testcases.OverTimeTC">
        <test-method is-config="true" signature="report()[pri:0, instance:Testcases.OverTimeTC@4a067c25]" started-at="2024-06-19T12:53:31 IST" name="report" finished-at="2024-06-19T12:53:32 IST" duration-ms="652" status="PASS">
          <reporter-output>
          </reporter-output>
        </test-method> <!-- report -->
        <test-method is-config="true" signature="main()[pri:0, instance:Testcases.OverTimeTC@4a067c25]" started-at="2024-06-19T12:53:32 IST" name="main" finished-at="2024-06-19T12:53:41 IST" duration-ms="9472" status="PASS">
          <reporter-output>
          </reporter-output>
        </test-method> <!-- main -->
        <test-method signature="eventlist()[pri:1, instance:Testcases.OverTimeTC@4a067c25]" started-at="2024-06-19T12:53:41 IST" name="eventlist" finished-at="2024-06-19T12:54:12 IST" duration-ms="31296" status="PASS">
          <reporter-output>
          </reporter-output>
        </test-method> <!-- eventlist -->
        <test-method is-config="true" signature="close()[pri:0, instance:Testcases.OverTimeTC@4a067c25]" started-at="2024-06-19T12:54:12 IST" name="close" finished-at="2024-06-19T12:54:13 IST" duration-ms="120" status="PASS">
          <reporter-output>
          </reporter-output>
        </test-method> <!-- close -->
        <test-method is-config="true" signature="reportflush()[pri:0, instance:Testcases.OverTimeTC@4a067c25]" started-at="2024-06-19T12:54:13 IST" name="reportflush" finished-at="2024-06-19T12:54:13 IST" duration-ms="538" status="PASS">
          <reporter-output>
          </reporter-output>
        </test-method> <!-- reportflush -->
      </class> <!-- Testcases.OverTimeTC -->
    </test> <!-- Default test -->
  </suite> <!-- Default suite -->
</testng-results>
